\BOOKMARK [0][-]{chapter*.2}{Preface}{}
\BOOKMARK [0][-]{chapter.1}{Overview}{}
\BOOKMARK [1][-]{section.1.1}{Architecture Block Descriptions}{chapter.1}
\BOOKMARK [0][-]{chapter.2}{ASP Web Director}{}
\BOOKMARK [0][-]{chapter.3}{Software Management}{}
\BOOKMARK [0][-]{chapter.4}{Object Access Layer}{}
\BOOKMARK [1][-]{section.4.1}{ClusterInfo}{chapter.4}
\BOOKMARK [1][-]{section.4.2}{AspAmf}{chapter.4}
\BOOKMARK [1][-]{section.4.3}{AmfPy}{chapter.4}
\BOOKMARK [1][-]{section.4.4}{SWIG Interfaces}{chapter.4}
\BOOKMARK [0][-]{chapter.5}{Deployment and Packaging}{}
\BOOKMARK [1][-]{section.5.1}{Integration within your IDE model}{chapter.5}
\BOOKMARK [1][-]{section.5.2}{Dynamic Installation}{chapter.5}
\BOOKMARK [1][-]{section.5.3}{Library Integration}{chapter.5}
\BOOKMARK [1][-]{section.5.4}{Standalone Python}{chapter.5}
\BOOKMARK [0][-]{chapter.6}{Software Management}{}
\BOOKMARK [1][-]{section.6.1}{Software Lifecycle}{chapter.6}
\BOOKMARK [1][-]{section.6.2}{Software Library Overview}{chapter.6}
\BOOKMARK [0][-]{chapter.7}{AspApp}{}
\BOOKMARK [0][-]{chapter.8}{AppDeploy}{}
\BOOKMARK [0][-]{chapter.9}{Application Removal}{}
\BOOKMARK [0][-]{chapter.10}{Application Upgrade}{}
\BOOKMARK [1][-]{section.10.1}{Additional Upgrade APIs}{chapter.10}
\BOOKMARK [1][-]{section.10.2}{Software Management}{chapter.10}
\BOOKMARK [0][-]{chapter.11}{Software Lifecycle}{}
\BOOKMARK [0][-]{chapter.12}{Software Library Overview}{}
\BOOKMARK [1][-]{section.12.1}{AspApp}{chapter.12}
\BOOKMARK [1][-]{section.12.2}{AppDeploy}{chapter.12}
\BOOKMARK [1][-]{section.12.3}{Application Removal}{chapter.12}
\BOOKMARK [1][-]{section.12.4}{Application Upgrade}{chapter.12}
\BOOKMARK [1][-]{section.12.5}{Application Bundle Format}{chapter.12}
